2015-02-05 14:53:55 [] : INSERT INTO ki_research_opt (
					rsho_rsh_id,
					rsho_is_text,
					rsho_type,
					rsho_order,
					rsho_answer,
					rsho_count,
					rsho_text,
					rsho_mdydate,
					rsho_regdate )
				VALUES ('2', '0', 'newspaper', '0', '1', 1, '', '2015-02-05 14:53:55', '2015-02-05 14:53:55')
				ON DUPLICATE KEY UPDATE
					rsho_count = rsho_count + 1,
					rsho_mdydate = '2015-02-05 14:53:55'
			
2015-02-05 14:53:55 [] : INSERT INTO ki_research_opt (
					rsho_rsh_id,
					rsho_is_text,
					rsho_type,
					rsho_order,
					rsho_answer,
					rsho_count,
					rsho_text,
					rsho_mdydate,
					rsho_regdate )
				VALUES ('2', '0', 'homepage', '0', '1', 1, '', '2015-02-05 14:53:55', '2015-02-05 14:53:55')
				ON DUPLICATE KEY UPDATE
					rsho_count = rsho_count + 1,
					rsho_mdydate = '2015-02-05 14:53:55'
			
2015-02-05 14:53:55 [] : INSERT INTO ki_research_opt (
					rsho_rsh_id,
					rsho_is_text,
					rsho_type,
					rsho_order,
					rsho_answer,
					rsho_count,
					rsho_text,
					rsho_mdydate,
					rsho_regdate )
				VALUES ('2', '0', 'recommend', '0', '아니오', 1, '', '2015-02-05 14:53:55', '2015-02-05 14:53:55')
				ON DUPLICATE KEY UPDATE
					rsho_count = rsho_count + 1,
					rsho_mdydate = '2015-02-05 14:53:55'
			
2015-02-05 14:53:55 [] : INSERT INTO ki_research_opt (
					rsho_rsh_id,
					rsho_is_text,
					rsho_type,
					rsho_order,
					rsho_answer,
					rsho_count,
					rsho_text,
					rsho_mdydate,
					rsho_regdate )
				VALUES ('2', '0', 'route', '0', '9', 1, '', '2015-02-05 14:53:55', '2015-02-05 14:53:55')
				ON DUPLICATE KEY UPDATE
					rsho_count = rsho_count + 1,
					rsho_mdydate = '2015-02-05 14:53:55'
			
2015-02-05 14:53:55 [] : INSERT INTO ki_research_opt (
					rsho_rsh_id,
					rsho_is_text,
					rsho_type,
					rsho_order,
					rsho_answer,
					rsho_count,
					rsho_text,
					rsho_mdydate,
					rsho_regdate )
				VALUES ('2', '0', 'service', '0', '6', 1, '', '2015-02-05 14:53:55', '2015-02-05 14:53:55')
				ON DUPLICATE KEY UPDATE
					rsho_count = rsho_count + 1,
					rsho_mdydate = '2015-02-05 14:53:55'
			
2015-02-05 14:53:55 [] : INSERT INTO ki_research_opt (
					rsho_rsh_id,
					rsho_is_text,
					rsho_type,
					rsho_order,
					rsho_answer,
					rsho_count,
					rsho_text,
					rsho_mdydate,
					rsho_regdate )
				VALUES ('2', '0', 'kind', '0', '7', 1, '', '2015-02-05 14:53:55', '2015-02-05 14:53:55')
				ON DUPLICATE KEY UPDATE
					rsho_count = rsho_count + 1,
					rsho_mdydate = '2015-02-05 14:53:55'
			
2015-02-05 14:53:55 [] : INSERT INTO ki_research_opt (
					rsho_rsh_id,
					rsho_is_text,
					rsho_type,
					rsho_order,
					rsho_answer,
					rsho_count,
					rsho_text,
					rsho_mdydate,
					rsho_regdate )
				VALUES ('2', '0', 'process', '0', '1', 1, '', '2015-02-05 14:53:55', '2015-02-05 14:53:55')
				ON DUPLICATE KEY UPDATE
					rsho_count = rsho_count + 1,
					rsho_mdydate = '2015-02-05 14:53:55'
			
2015-02-05 14:53:55 [] : INSERT INTO ki_research_opt (
					rsho_rsh_id,
					rsho_is_text,
					rsho_type,
					rsho_order,
					rsho_answer,
					rsho_count,
					rsho_text,
					rsho_mdydate,
					rsho_regdate )
				VALUES ('2', '0', 'circum', '0', '1', 1, '', '2015-02-05 14:53:55', '2015-02-05 14:53:55')
				ON DUPLICATE KEY UPDATE
					rsho_count = rsho_count + 1,
					rsho_mdydate = '2015-02-05 14:53:55'
			
