2015-06-16 13:33:42 [] : INSERT INTO ki_research_opt (
					rsho_rsh_id,
					rsho_is_text,
					rsho_type,
					rsho_order,
					rsho_answer,
					rsho_count,
					rsho_text,
					rsho_mdydate,
					rsho_regdate )
				VALUES ('2', '0', 'newspaper', '0', '7', 1, '', '2015-06-16 13:33:42', '2015-06-16 13:33:42')
				ON DUPLICATE KEY UPDATE
					rsho_count = rsho_count + 1,
					rsho_mdydate = '2015-06-16 13:33:42'
			
2015-06-16 13:33:42 [] : INSERT INTO ki_research_opt (
					rsho_rsh_id,
					rsho_is_text,
					rsho_type,
					rsho_order,
					rsho_answer,
					rsho_count,
					rsho_text,
					rsho_mdydate,
					rsho_regdate )
				VALUES ('2', '0', 'homepage', '0', '7', 1, '', '2015-06-16 13:33:42', '2015-06-16 13:33:42')
				ON DUPLICATE KEY UPDATE
					rsho_count = rsho_count + 1,
					rsho_mdydate = '2015-06-16 13:33:42'
			
2015-06-16 13:33:42 [] : INSERT INTO ki_research_opt (
					rsho_rsh_id,
					rsho_is_text,
					rsho_type,
					rsho_order,
					rsho_answer,
					rsho_count,
					rsho_text,
					rsho_mdydate,
					rsho_regdate )
				VALUES ('2', '0', 'recommend', '0', '예', 1, '', '2015-06-16 13:33:42', '2015-06-16 13:33:42')
				ON DUPLICATE KEY UPDATE
					rsho_count = rsho_count + 1,
					rsho_mdydate = '2015-06-16 13:33:42'
			
2015-06-16 13:33:42 [] : INSERT INTO ki_research_opt (
					rsho_rsh_id,
					rsho_is_text,
					rsho_type,
					rsho_order,
					rsho_answer,
					rsho_count,
					rsho_text,
					rsho_mdydate,
					rsho_regdate )
				VALUES ('2', '0', 'route', '0', '1', 1, '', '2015-06-16 13:33:42', '2015-06-16 13:33:42')
				ON DUPLICATE KEY UPDATE
					rsho_count = rsho_count + 1,
					rsho_mdydate = '2015-06-16 13:33:42'
			
2015-06-16 13:33:42 [] : INSERT INTO ki_research_opt (
					rsho_rsh_id,
					rsho_is_text,
					rsho_type,
					rsho_order,
					rsho_answer,
					rsho_count,
					rsho_text,
					rsho_mdydate,
					rsho_regdate )
				VALUES ('2', '0', 'service', '0', '7', 1, '', '2015-06-16 13:33:42', '2015-06-16 13:33:42')
				ON DUPLICATE KEY UPDATE
					rsho_count = rsho_count + 1,
					rsho_mdydate = '2015-06-16 13:33:42'
			
2015-06-16 13:33:42 [] : INSERT INTO ki_research_opt (
					rsho_rsh_id,
					rsho_is_text,
					rsho_type,
					rsho_order,
					rsho_answer,
					rsho_count,
					rsho_text,
					rsho_mdydate,
					rsho_regdate )
				VALUES ('2', '0', 'kind', '0', '7', 1, '', '2015-06-16 13:33:42', '2015-06-16 13:33:42')
				ON DUPLICATE KEY UPDATE
					rsho_count = rsho_count + 1,
					rsho_mdydate = '2015-06-16 13:33:42'
			
2015-06-16 13:33:42 [] : INSERT INTO ki_research_opt (
					rsho_rsh_id,
					rsho_is_text,
					rsho_type,
					rsho_order,
					rsho_answer,
					rsho_count,
					rsho_text,
					rsho_mdydate,
					rsho_regdate )
				VALUES ('2', '0', 'process', '0', '7', 1, '', '2015-06-16 13:33:42', '2015-06-16 13:33:42')
				ON DUPLICATE KEY UPDATE
					rsho_count = rsho_count + 1,
					rsho_mdydate = '2015-06-16 13:33:42'
			
2015-06-16 13:33:42 [] : INSERT INTO ki_research_opt (
					rsho_rsh_id,
					rsho_is_text,
					rsho_type,
					rsho_order,
					rsho_answer,
					rsho_count,
					rsho_text,
					rsho_mdydate,
					rsho_regdate )
				VALUES ('2', '0', 'circum', '0', '7', 1, '', '2015-06-16 13:33:42', '2015-06-16 13:33:42')
				ON DUPLICATE KEY UPDATE
					rsho_count = rsho_count + 1,
					rsho_mdydate = '2015-06-16 13:33:42'
			
2015-06-16 07:16:00 [] : INSERT INTO ki_research_opt (
					rsho_rsh_id,
					rsho_is_text,
					rsho_type,
					rsho_order,
					rsho_answer,
					rsho_count,
					rsho_text,
					rsho_mdydate,
					rsho_regdate )
				VALUES ('1', '0', 'satisfaction', '1', '5', 1, '', '2015-06-16 07:16:00', '2015-06-16 07:16:00')
				ON DUPLICATE KEY UPDATE
					rsho_count = rsho_count + 1,
					rsho_mdydate = '2015-06-16 07:16:00'
			
2015-06-16 07:16:00 [] : INSERT INTO ki_research_opt (
					rsho_rsh_id,
					rsho_is_text,
					rsho_type,
					rsho_order,
					rsho_answer,
					rsho_count,
					rsho_text,
					rsho_mdydate,
					rsho_regdate )
				VALUES ('1', '0', 'recommend', '0', '예', 1, '', '2015-06-16 07:16:00', '2015-06-16 07:16:00')
				ON DUPLICATE KEY UPDATE
					rsho_count = rsho_count + 1,
					rsho_mdydate = '2015-06-16 07:16:00'
			
2015-06-16 07:16:00 [] : INSERT INTO ki_research_opt (
					rsho_rsh_id,
					rsho_is_text,
					rsho_type,
					rsho_order,
					rsho_answer,
					rsho_count,
					rsho_text,
					rsho_mdydate,
					rsho_regdate )
				VALUES ('1', '0', 'data', '0', '5', 1, '', '2015-06-16 07:16:00', '2015-06-16 07:16:00')
				ON DUPLICATE KEY UPDATE
					rsho_count = rsho_count + 1,
					rsho_mdydate = '2015-06-16 07:16:00'
			
2015-06-16 07:16:00 [] : INSERT INTO ki_research_opt (
					rsho_rsh_id,
					rsho_is_text,
					rsho_type,
					rsho_order,
					rsho_answer,
					rsho_count,
					rsho_text,
					rsho_mdydate,
					rsho_regdate )
				VALUES ('1', '0', 'circum', '0', '5', 1, '', '2015-06-16 07:16:00', '2015-06-16 07:16:00')
				ON DUPLICATE KEY UPDATE
					rsho_count = rsho_count + 1,
					rsho_mdydate = '2015-06-16 07:16:00'
			
2015-06-16 07:16:00 [] : INSERT INTO ki_research_opt (
					rsho_rsh_id,
					rsho_is_text,
					rsho_type,
					rsho_order,
					rsho_answer,
					rsho_count,
					rsho_text,
					rsho_mdydate,
					rsho_regdate )
				VALUES ('1', '0', 'time', '0', '5', 1, '', '2015-06-16 07:16:00', '2015-06-16 07:16:00')
				ON DUPLICATE KEY UPDATE
					rsho_count = rsho_count + 1,
					rsho_mdydate = '2015-06-16 07:16:00'
			
2015-06-16 07:16:00 [] : INSERT INTO ki_research_opt (
					rsho_rsh_id,
					rsho_is_text,
					rsho_type,
					rsho_order,
					rsho_answer,
					rsho_count,
					rsho_text,
					rsho_mdydate,
					rsho_regdate )
				VALUES ('1', '0', 'plan', '0', '5', 1, '', '2015-06-16 07:16:00', '2015-06-16 07:16:00')
				ON DUPLICATE KEY UPDATE
					rsho_count = rsho_count + 1,
					rsho_mdydate = '2015-06-16 07:16:00'
			
2015-06-16 07:16:00 [] : INSERT INTO ki_research_opt (
					rsho_rsh_id,
					rsho_is_text,
					rsho_type,
					rsho_order,
					rsho_answer,
					rsho_count,
					rsho_text,
					rsho_mdydate,
					rsho_regdate )
				VALUES ('1', '0', 'grade', '0', '2학년', 1, '', '2015-06-16 07:16:00', '2015-06-16 07:16:00')
				ON DUPLICATE KEY UPDATE
					rsho_count = rsho_count + 1,
					rsho_mdydate = '2015-06-16 07:16:00'
			
2015-06-16 07:16:00 [] : INSERT INTO ki_research_opt (
					rsho_rsh_id,
					rsho_is_text,
					rsho_type,
					rsho_order,
					rsho_answer,
					rsho_count,
					rsho_text,
					rsho_mdydate,
					rsho_regdate )
				VALUES ('1', '0', 'type', '0', '작업', 1, '', '2015-06-16 07:16:00', '2015-06-16 07:16:00')
				ON DUPLICATE KEY UPDATE
					rsho_count = rsho_count + 1,
					rsho_mdydate = '2015-06-16 07:16:00'
			
2015-06-16 07:16:00 [] : INSERT INTO ki_research_opt (
					rsho_rsh_id,
					rsho_is_text,
					rsho_type,
					rsho_order,
					rsho_answer,
					rsho_count,
					rsho_text,
					rsho_mdydate,
					rsho_regdate )
				VALUES ('1', '0', 'sex', '0', '여성', 1, '', '2015-06-16 07:16:00', '2015-06-16 07:16:00')
				ON DUPLICATE KEY UPDATE
					rsho_count = rsho_count + 1,
					rsho_mdydate = '2015-06-16 07:16:00'
			
