2016-09-07 20:05:17 [] : INSERT INTO ki_research_opt (
					rsho_rsh_id,
					rsho_is_text,
					rsho_type,
					rsho_order,
					rsho_answer,
					rsho_count,
					rsho_text,
					rsho_mdydate,
					rsho_regdate )
				VALUES ('2', '0', 'newspaper', '0', '7', 1, '', '2016-09-07 20:05:17', '2016-09-07 20:05:17')
				ON DUPLICATE KEY UPDATE
					rsho_count = rsho_count + 1,
					rsho_mdydate = '2016-09-07 20:05:17'
			
2016-09-07 20:05:17 [] : INSERT INTO ki_research_opt (
					rsho_rsh_id,
					rsho_is_text,
					rsho_type,
					rsho_order,
					rsho_answer,
					rsho_count,
					rsho_text,
					rsho_mdydate,
					rsho_regdate )
				VALUES ('2', '0', 'homepage', '0', '7', 1, '', '2016-09-07 20:05:17', '2016-09-07 20:05:17')
				ON DUPLICATE KEY UPDATE
					rsho_count = rsho_count + 1,
					rsho_mdydate = '2016-09-07 20:05:17'
			
2016-09-07 20:05:17 [] : INSERT INTO ki_research_opt (
					rsho_rsh_id,
					rsho_is_text,
					rsho_type,
					rsho_order,
					rsho_answer,
					rsho_count,
					rsho_text,
					rsho_mdydate,
					rsho_regdate )
				VALUES ('2', '0', 'recommend', '0', '예', 1, '', '2016-09-07 20:05:17', '2016-09-07 20:05:17')
				ON DUPLICATE KEY UPDATE
					rsho_count = rsho_count + 1,
					rsho_mdydate = '2016-09-07 20:05:17'
			
2016-09-07 20:05:17 [] : INSERT INTO ki_research_opt (
					rsho_rsh_id,
					rsho_is_text,
					rsho_type,
					rsho_order,
					rsho_answer,
					rsho_count,
					rsho_text,
					rsho_mdydate,
					rsho_regdate )
				VALUES ('2', '0', 'route', '0', '1', 1, '', '2016-09-07 20:05:17', '2016-09-07 20:05:17')
				ON DUPLICATE KEY UPDATE
					rsho_count = rsho_count + 1,
					rsho_mdydate = '2016-09-07 20:05:17'
			
2016-09-07 20:05:17 [] : INSERT INTO ki_research_opt (
					rsho_rsh_id,
					rsho_is_text,
					rsho_type,
					rsho_order,
					rsho_answer,
					rsho_count,
					rsho_text,
					rsho_mdydate,
					rsho_regdate )
				VALUES ('2', '0', 'service', '0', '7', 1, '', '2016-09-07 20:05:17', '2016-09-07 20:05:17')
				ON DUPLICATE KEY UPDATE
					rsho_count = rsho_count + 1,
					rsho_mdydate = '2016-09-07 20:05:17'
			
2016-09-07 20:05:17 [] : INSERT INTO ki_research_opt (
					rsho_rsh_id,
					rsho_is_text,
					rsho_type,
					rsho_order,
					rsho_answer,
					rsho_count,
					rsho_text,
					rsho_mdydate,
					rsho_regdate )
				VALUES ('2', '0', 'kind', '0', '7', 1, '', '2016-09-07 20:05:17', '2016-09-07 20:05:17')
				ON DUPLICATE KEY UPDATE
					rsho_count = rsho_count + 1,
					rsho_mdydate = '2016-09-07 20:05:17'
			
2016-09-07 20:05:17 [] : INSERT INTO ki_research_opt (
					rsho_rsh_id,
					rsho_is_text,
					rsho_type,
					rsho_order,
					rsho_answer,
					rsho_count,
					rsho_text,
					rsho_mdydate,
					rsho_regdate )
				VALUES ('2', '0', 'process', '0', '7', 1, '', '2016-09-07 20:05:17', '2016-09-07 20:05:17')
				ON DUPLICATE KEY UPDATE
					rsho_count = rsho_count + 1,
					rsho_mdydate = '2016-09-07 20:05:17'
			
2016-09-07 20:05:17 [] : INSERT INTO ki_research_opt (
					rsho_rsh_id,
					rsho_is_text,
					rsho_type,
					rsho_order,
					rsho_answer,
					rsho_count,
					rsho_text,
					rsho_mdydate,
					rsho_regdate )
				VALUES ('2', '0', 'circum', '0', '7', 1, '', '2016-09-07 20:05:17', '2016-09-07 20:05:17')
				ON DUPLICATE KEY UPDATE
					rsho_count = rsho_count + 1,
					rsho_mdydate = '2016-09-07 20:05:17'
			
2016-09-07 15:29:55 [] : INSERT INTO ki_research_opt (
					rsho_rsh_id,
					rsho_is_text,
					rsho_type,
					rsho_order,
					rsho_answer,
					rsho_count,
					rsho_text,
					rsho_mdydate,
					rsho_regdate )
				VALUES ('2', '0', 'newspaper', '0', '4', 1, '', '2016-09-07 15:29:55', '2016-09-07 15:29:55')
				ON DUPLICATE KEY UPDATE
					rsho_count = rsho_count + 1,
					rsho_mdydate = '2016-09-07 15:29:55'
			
2016-09-07 15:29:55 [] : INSERT INTO ki_research_opt (
					rsho_rsh_id,
					rsho_is_text,
					rsho_type,
					rsho_order,
					rsho_answer,
					rsho_count,
					rsho_text,
					rsho_mdydate,
					rsho_regdate )
				VALUES ('2', '0', 'homepage', '0', '1', 1, '', '2016-09-07 15:29:55', '2016-09-07 15:29:55')
				ON DUPLICATE KEY UPDATE
					rsho_count = rsho_count + 1,
					rsho_mdydate = '2016-09-07 15:29:55'
			
2016-09-07 15:29:55 [] : INSERT INTO ki_research_opt (
					rsho_rsh_id,
					rsho_is_text,
					rsho_type,
					rsho_order,
					rsho_answer,
					rsho_count,
					rsho_text,
					rsho_mdydate,
					rsho_regdate )
				VALUES ('2', '0', 'recommend', '0', '예', 1, '', '2016-09-07 15:29:55', '2016-09-07 15:29:55')
				ON DUPLICATE KEY UPDATE
					rsho_count = rsho_count + 1,
					rsho_mdydate = '2016-09-07 15:29:55'
			
2016-09-07 15:29:55 [] : INSERT INTO ki_research_opt (
					rsho_rsh_id,
					rsho_is_text,
					rsho_type,
					rsho_order,
					rsho_answer,
					rsho_count,
					rsho_text,
					rsho_mdydate,
					rsho_regdate )
				VALUES ('2', '0', 'route', '0', '1', 1, '', '2016-09-07 15:29:55', '2016-09-07 15:29:55')
				ON DUPLICATE KEY UPDATE
					rsho_count = rsho_count + 1,
					rsho_mdydate = '2016-09-07 15:29:55'
			
2016-09-07 15:29:55 [] : INSERT INTO ki_research_opt (
					rsho_rsh_id,
					rsho_is_text,
					rsho_type,
					rsho_order,
					rsho_answer,
					rsho_count,
					rsho_text,
					rsho_mdydate,
					rsho_regdate )
				VALUES ('2', '0', 'service', '0', '6', 1, '', '2016-09-07 15:29:55', '2016-09-07 15:29:55')
				ON DUPLICATE KEY UPDATE
					rsho_count = rsho_count + 1,
					rsho_mdydate = '2016-09-07 15:29:55'
			
2016-09-07 15:29:55 [] : INSERT INTO ki_research_opt (
					rsho_rsh_id,
					rsho_is_text,
					rsho_type,
					rsho_order,
					rsho_answer,
					rsho_count,
					rsho_text,
					rsho_mdydate,
					rsho_regdate )
				VALUES ('2', '0', 'kind', '0', '6', 1, '', '2016-09-07 15:29:55', '2016-09-07 15:29:55')
				ON DUPLICATE KEY UPDATE
					rsho_count = rsho_count + 1,
					rsho_mdydate = '2016-09-07 15:29:55'
			
2016-09-07 15:29:55 [] : INSERT INTO ki_research_opt (
					rsho_rsh_id,
					rsho_is_text,
					rsho_type,
					rsho_order,
					rsho_answer,
					rsho_count,
					rsho_text,
					rsho_mdydate,
					rsho_regdate )
				VALUES ('2', '0', 'process', '0', '3', 1, '', '2016-09-07 15:29:55', '2016-09-07 15:29:55')
				ON DUPLICATE KEY UPDATE
					rsho_count = rsho_count + 1,
					rsho_mdydate = '2016-09-07 15:29:55'
			
2016-09-07 15:29:55 [] : INSERT INTO ki_research_opt (
					rsho_rsh_id,
					rsho_is_text,
					rsho_type,
					rsho_order,
					rsho_answer,
					rsho_count,
					rsho_text,
					rsho_mdydate,
					rsho_regdate )
				VALUES ('2', '0', 'circum', '0', '5', 1, '', '2016-09-07 15:29:55', '2016-09-07 15:29:55')
				ON DUPLICATE KEY UPDATE
					rsho_count = rsho_count + 1,
					rsho_mdydate = '2016-09-07 15:29:55'
			
