2016-09-03 19:16:33 [] : INSERT INTO ki_research_opt (
					rsho_rsh_id,
					rsho_is_text,
					rsho_type,
					rsho_order,
					rsho_answer,
					rsho_count,
					rsho_text,
					rsho_mdydate,
					rsho_regdate )
				VALUES ('1', '0', 'satisfaction', '1', '4', 1, '', '2016-09-03 19:16:33', '2016-09-03 19:16:33')
				ON DUPLICATE KEY UPDATE
					rsho_count = rsho_count + 1,
					rsho_mdydate = '2016-09-03 19:16:33'
			
2016-09-03 19:16:33 [] : INSERT INTO ki_research_opt (
					rsho_rsh_id,
					rsho_is_text,
					rsho_type,
					rsho_order,
					rsho_answer,
					rsho_count,
					rsho_text,
					rsho_mdydate,
					rsho_regdate )
				VALUES ('1', '18', 'motive', '0', '', 1, '임상적접근 ', '2016-09-03 19:16:33', '2016-09-03 19:16:33')
				ON DUPLICATE KEY UPDATE
					rsho_count = rsho_count + 1,
					rsho_mdydate = '2016-09-03 19:16:33'
			
2016-09-03 19:16:33 [] : INSERT INTO ki_research_opt (
					rsho_rsh_id,
					rsho_is_text,
					rsho_type,
					rsho_order,
					rsho_answer,
					rsho_count,
					rsho_text,
					rsho_mdydate,
					rsho_regdate )
				VALUES ('1', '0', 'recommend', '0', '예', 1, '', '2016-09-03 19:16:33', '2016-09-03 19:16:33')
				ON DUPLICATE KEY UPDATE
					rsho_count = rsho_count + 1,
					rsho_mdydate = '2016-09-03 19:16:33'
			
2016-09-03 19:16:33 [] : INSERT INTO ki_research_opt (
					rsho_rsh_id,
					rsho_is_text,
					rsho_type,
					rsho_order,
					rsho_answer,
					rsho_count,
					rsho_text,
					rsho_mdydate,
					rsho_regdate )
				VALUES ('1', '0', 'data', '0', '5', 1, '', '2016-09-03 19:16:33', '2016-09-03 19:16:33')
				ON DUPLICATE KEY UPDATE
					rsho_count = rsho_count + 1,
					rsho_mdydate = '2016-09-03 19:16:33'
			
2016-09-03 19:16:33 [] : INSERT INTO ki_research_opt (
					rsho_rsh_id,
					rsho_is_text,
					rsho_type,
					rsho_order,
					rsho_answer,
					rsho_count,
					rsho_text,
					rsho_mdydate,
					rsho_regdate )
				VALUES ('1', '0', 'circum', '0', '5', 1, '', '2016-09-03 19:16:33', '2016-09-03 19:16:33')
				ON DUPLICATE KEY UPDATE
					rsho_count = rsho_count + 1,
					rsho_mdydate = '2016-09-03 19:16:33'
			
2016-09-03 19:16:33 [] : INSERT INTO ki_research_opt (
					rsho_rsh_id,
					rsho_is_text,
					rsho_type,
					rsho_order,
					rsho_answer,
					rsho_count,
					rsho_text,
					rsho_mdydate,
					rsho_regdate )
				VALUES ('1', '0', 'time', '0', '5', 1, '', '2016-09-03 19:16:33', '2016-09-03 19:16:33')
				ON DUPLICATE KEY UPDATE
					rsho_count = rsho_count + 1,
					rsho_mdydate = '2016-09-03 19:16:33'
			
2016-09-03 19:16:33 [] : INSERT INTO ki_research_opt (
					rsho_rsh_id,
					rsho_is_text,
					rsho_type,
					rsho_order,
					rsho_answer,
					rsho_count,
					rsho_text,
					rsho_mdydate,
					rsho_regdate )
				VALUES ('1', '0', 'plan', '0', '4', 1, '', '2016-09-03 19:16:33', '2016-09-03 19:16:33')
				ON DUPLICATE KEY UPDATE
					rsho_count = rsho_count + 1,
					rsho_mdydate = '2016-09-03 19:16:33'
			
2016-09-03 19:16:33 [] : INSERT INTO ki_research_opt (
					rsho_rsh_id,
					rsho_is_text,
					rsho_type,
					rsho_order,
					rsho_answer,
					rsho_count,
					rsho_text,
					rsho_mdydate,
					rsho_regdate )
				VALUES ('1', '0', 'grade', '0', '4학년', 1, '', '2016-09-03 19:16:33', '2016-09-03 19:16:33')
				ON DUPLICATE KEY UPDATE
					rsho_count = rsho_count + 1,
					rsho_mdydate = '2016-09-03 19:16:33'
			
2016-09-03 19:16:33 [] : INSERT INTO ki_research_opt (
					rsho_rsh_id,
					rsho_is_text,
					rsho_type,
					rsho_order,
					rsho_answer,
					rsho_count,
					rsho_text,
					rsho_mdydate,
					rsho_regdate )
				VALUES ('1', '0', 'type', '0', '물리', 1, '', '2016-09-03 19:16:33', '2016-09-03 19:16:33')
				ON DUPLICATE KEY UPDATE
					rsho_count = rsho_count + 1,
					rsho_mdydate = '2016-09-03 19:16:33'
			
2016-09-03 19:16:33 [] : INSERT INTO ki_research_opt (
					rsho_rsh_id,
					rsho_is_text,
					rsho_type,
					rsho_order,
					rsho_answer,
					rsho_count,
					rsho_text,
					rsho_mdydate,
					rsho_regdate )
				VALUES ('1', '0', 'sex', '0', '여성', 1, '', '2016-09-03 19:16:33', '2016-09-03 19:16:33')
				ON DUPLICATE KEY UPDATE
					rsho_count = rsho_count + 1,
					rsho_mdydate = '2016-09-03 19:16:33'
			
