2018-02-27 20:30:22 [] : INSERT INTO ki_research_opt (
					rsho_rsh_id,
					rsho_is_text,
					rsho_type,
					rsho_order,
					rsho_answer,
					rsho_count,
					rsho_text,
					rsho_mdydate,
					rsho_regdate )
				VALUES ('2', '0', 'newspaper', '0', '2', 1, '', '2018-02-27 20:30:22', '2018-02-27 20:30:22')
				ON DUPLICATE KEY UPDATE
					rsho_count = rsho_count + 1,
					rsho_mdydate = '2018-02-27 20:30:22'
			
2018-02-27 20:30:22 [] : INSERT INTO ki_research_opt (
					rsho_rsh_id,
					rsho_is_text,
					rsho_type,
					rsho_order,
					rsho_answer,
					rsho_count,
					rsho_text,
					rsho_mdydate,
					rsho_regdate )
				VALUES ('2', '0', 'homepage', '0', '2', 1, '', '2018-02-27 20:30:22', '2018-02-27 20:30:22')
				ON DUPLICATE KEY UPDATE
					rsho_count = rsho_count + 1,
					rsho_mdydate = '2018-02-27 20:30:22'
			
2018-02-27 20:30:22 [] : INSERT INTO ki_research_opt (
					rsho_rsh_id,
					rsho_is_text,
					rsho_type,
					rsho_order,
					rsho_answer,
					rsho_count,
					rsho_text,
					rsho_mdydate,
					rsho_regdate )
				VALUES ('2', '0', 'recommend', '0', '아니오', 1, '', '2018-02-27 20:30:22', '2018-02-27 20:30:22')
				ON DUPLICATE KEY UPDATE
					rsho_count = rsho_count + 1,
					rsho_mdydate = '2018-02-27 20:30:22'
			
2018-02-27 20:30:22 [] : INSERT INTO ki_research_opt (
					rsho_rsh_id,
					rsho_is_text,
					rsho_type,
					rsho_order,
					rsho_answer,
					rsho_count,
					rsho_text,
					rsho_mdydate,
					rsho_regdate )
				VALUES ('2', '0', 'route', '0', '6', 1, '', '2018-02-27 20:30:22', '2018-02-27 20:30:22')
				ON DUPLICATE KEY UPDATE
					rsho_count = rsho_count + 1,
					rsho_mdydate = '2018-02-27 20:30:22'
			
2018-02-27 20:30:22 [] : INSERT INTO ki_research_opt (
					rsho_rsh_id,
					rsho_is_text,
					rsho_type,
					rsho_order,
					rsho_answer,
					rsho_count,
					rsho_text,
					rsho_mdydate,
					rsho_regdate )
				VALUES ('2', '0', 'service', '0', '2', 1, '', '2018-02-27 20:30:22', '2018-02-27 20:30:22')
				ON DUPLICATE KEY UPDATE
					rsho_count = rsho_count + 1,
					rsho_mdydate = '2018-02-27 20:30:22'
			
2018-02-27 20:30:22 [] : INSERT INTO ki_research_opt (
					rsho_rsh_id,
					rsho_is_text,
					rsho_type,
					rsho_order,
					rsho_answer,
					rsho_count,
					rsho_text,
					rsho_mdydate,
					rsho_regdate )
				VALUES ('2', '0', 'kind', '0', '1', 1, '', '2018-02-27 20:30:22', '2018-02-27 20:30:22')
				ON DUPLICATE KEY UPDATE
					rsho_count = rsho_count + 1,
					rsho_mdydate = '2018-02-27 20:30:22'
			
2018-02-27 20:30:22 [] : INSERT INTO ki_research_opt (
					rsho_rsh_id,
					rsho_is_text,
					rsho_type,
					rsho_order,
					rsho_answer,
					rsho_count,
					rsho_text,
					rsho_mdydate,
					rsho_regdate )
				VALUES ('2', '0', 'process', '0', '2', 1, '', '2018-02-27 20:30:22', '2018-02-27 20:30:22')
				ON DUPLICATE KEY UPDATE
					rsho_count = rsho_count + 1,
					rsho_mdydate = '2018-02-27 20:30:22'
			
2018-02-27 20:30:22 [] : INSERT INTO ki_research_opt (
					rsho_rsh_id,
					rsho_is_text,
					rsho_type,
					rsho_order,
					rsho_answer,
					rsho_count,
					rsho_text,
					rsho_mdydate,
					rsho_regdate )
				VALUES ('2', '0', 'circum', '0', '2', 1, '', '2018-02-27 20:30:22', '2018-02-27 20:30:22')
				ON DUPLICATE KEY UPDATE
					rsho_count = rsho_count + 1,
					rsho_mdydate = '2018-02-27 20:30:22'
			
2018-02-27 13:19:40 [] : INSERT INTO ki_research_opt (
					rsho_rsh_id,
					rsho_is_text,
					rsho_type,
					rsho_order,
					rsho_answer,
					rsho_count,
					rsho_text,
					rsho_mdydate,
					rsho_regdate )
				VALUES ('2', '0', 'newspaper', '0', '7', 1, '', '2018-02-27 13:19:40', '2018-02-27 13:19:40')
				ON DUPLICATE KEY UPDATE
					rsho_count = rsho_count + 1,
					rsho_mdydate = '2018-02-27 13:19:40'
			
2018-02-27 13:19:40 [] : INSERT INTO ki_research_opt (
					rsho_rsh_id,
					rsho_is_text,
					rsho_type,
					rsho_order,
					rsho_answer,
					rsho_count,
					rsho_text,
					rsho_mdydate,
					rsho_regdate )
				VALUES ('2', '0', 'homepage', '0', '1', 1, '', '2018-02-27 13:19:40', '2018-02-27 13:19:40')
				ON DUPLICATE KEY UPDATE
					rsho_count = rsho_count + 1,
					rsho_mdydate = '2018-02-27 13:19:40'
			
2018-02-27 13:19:40 [] : INSERT INTO ki_research_opt (
					rsho_rsh_id,
					rsho_is_text,
					rsho_type,
					rsho_order,
					rsho_answer,
					rsho_count,
					rsho_text,
					rsho_mdydate,
					rsho_regdate )
				VALUES ('2', '0', 'recommend', '0', '예', 1, '', '2018-02-27 13:19:40', '2018-02-27 13:19:40')
				ON DUPLICATE KEY UPDATE
					rsho_count = rsho_count + 1,
					rsho_mdydate = '2018-02-27 13:19:40'
			
2018-02-27 13:19:40 [] : INSERT INTO ki_research_opt (
					rsho_rsh_id,
					rsho_is_text,
					rsho_type,
					rsho_order,
					rsho_answer,
					rsho_count,
					rsho_text,
					rsho_mdydate,
					rsho_regdate )
				VALUES ('2', '0', 'route', '0', '8', 1, '', '2018-02-27 13:19:40', '2018-02-27 13:19:40')
				ON DUPLICATE KEY UPDATE
					rsho_count = rsho_count + 1,
					rsho_mdydate = '2018-02-27 13:19:40'
			
2018-02-27 13:19:40 [] : INSERT INTO ki_research_opt (
					rsho_rsh_id,
					rsho_is_text,
					rsho_type,
					rsho_order,
					rsho_answer,
					rsho_count,
					rsho_text,
					rsho_mdydate,
					rsho_regdate )
				VALUES ('2', '0', 'service', '0', '1', 1, '', '2018-02-27 13:19:40', '2018-02-27 13:19:40')
				ON DUPLICATE KEY UPDATE
					rsho_count = rsho_count + 1,
					rsho_mdydate = '2018-02-27 13:19:40'
			
2018-02-27 13:19:40 [] : INSERT INTO ki_research_opt (
					rsho_rsh_id,
					rsho_is_text,
					rsho_type,
					rsho_order,
					rsho_answer,
					rsho_count,
					rsho_text,
					rsho_mdydate,
					rsho_regdate )
				VALUES ('2', '0', 'kind', '0', '1', 1, '', '2018-02-27 13:19:40', '2018-02-27 13:19:40')
				ON DUPLICATE KEY UPDATE
					rsho_count = rsho_count + 1,
					rsho_mdydate = '2018-02-27 13:19:40'
			
2018-02-27 13:19:40 [] : INSERT INTO ki_research_opt (
					rsho_rsh_id,
					rsho_is_text,
					rsho_type,
					rsho_order,
					rsho_answer,
					rsho_count,
					rsho_text,
					rsho_mdydate,
					rsho_regdate )
				VALUES ('2', '0', 'process', '0', '1', 1, '', '2018-02-27 13:19:40', '2018-02-27 13:19:40')
				ON DUPLICATE KEY UPDATE
					rsho_count = rsho_count + 1,
					rsho_mdydate = '2018-02-27 13:19:40'
			
2018-02-27 13:19:40 [] : INSERT INTO ki_research_opt (
					rsho_rsh_id,
					rsho_is_text,
					rsho_type,
					rsho_order,
					rsho_answer,
					rsho_count,
					rsho_text,
					rsho_mdydate,
					rsho_regdate )
				VALUES ('2', '0', 'circum', '0', '1', 1, '', '2018-02-27 13:19:40', '2018-02-27 13:19:40')
				ON DUPLICATE KEY UPDATE
					rsho_count = rsho_count + 1,
					rsho_mdydate = '2018-02-27 13:19:40'
			
